<?xml version="1.0" encoding="UTF-8"?>
<testsuite xmlns:xsi="http://www.w3.org/2001/XMLSchema-instance" xsi:noNamespaceSchemaLocation="https://maven.apache.org/surefire/maven-surefire-plugin/xsd/surefire-test-report-3.0.xsd" version="3.0" name="com.example.craft.OrderProcessorTest" time="0.395" tests="8" errors="0" skipped="0" failures="0">
  <properties>
[...]
</properties>
  <testcase name="emptyOrderShouldBeRejected" classname="com.example.craft.OrderProcessorTest" time="0.118"/>
  <testcase name="invalidDeliveryTypeThrowsException" classname="com.example.craft.OrderProcessorTest" time="0.014"/>
  <testcase name="premiumCustomerGetsLargerDiscountWhenMoreThanFiveItems" classname="com.example.craft.OrderProcessorTest" time="0.063">
    <system-out><![CDATA[Standard delivery selected
Taking card payment for £51.00
Saving order ORD-007
Saving order ORD-007 for customer Priya
Sending email to priya@test.com
Dear Priya, your order has been processed.
Order ORD-007 total was £51.00
Sending SMS to 07123456789
Order ORD-007 confirmed by SMS
Sending premium customer follow-up email
Receipt
-------
Order: ORD-007
Customer: Priya
Subtotal: £60.00
Discount: £9.00
Delivery: £0.00
Total: £51.00

]]></system-out>
  </testcase>
  <testcase name="student_customer_gets_discount_and_receipt_contains_total" classname="com.example.craft.OrderProcessorTest" time="0.013">
    <system-out><![CDATA[Standard delivery selected
Taking card payment for £12.49
Saving order ORD-1
Saving order ORD-1 for customer Ada
Sending email to ada@example.com
Dear Ada, your order has been processed.
Order ORD-1 total was £12.49
Sending SMS to 07123456789
Order ORD-1 confirmed by SMS
Receipt
-------
Order: ORD-1
Customer: Ada
Subtotal: £10.00
Discount: £1.50
Delivery: £3.99
Total: £12.49

]]></system-out>
  </testcase>
  <testcase name="collectionHasNoDeliveryFeeAdded" classname="com.example.craft.OrderProcessorTest" time="0.008">
    <system-out><![CDATA[Collection selected
Taking card payment for £30.00
Saving order ORD-006
Saving order ORD-006 for customer Ella
Sending email to ella@test.com
Dear Ella, your order has been processed.
Order ORD-006 total was £30.00
Sending SMS to 07123456789
Order ORD-006 confirmed by SMS
Receipt
-------
Order: ORD-006
Customer: Ella
Subtotal: £30.00
Discount: £0.00
Delivery: £0.00
Total: £30.00

]]></system-out>
  </testcase>
  <testcase name="standardDeliveryBecomesFreeOverCorrectAmount" classname="com.example.craft.OrderProcessorTest" time="0.006">
    <system-out><![CDATA[Standard delivery selected
Taking card payment for £50.01
Saving order ORD-003
Saving order ORD-003 for customer Ben
Sending email to ben@test.com
Dear Ben, your order has been processed.
Order ORD-003 total was £50.01
Sending SMS to 07123456789
Order ORD-003 confirmed by SMS
Receipt
-------
Order: ORD-003
Customer: Ben
Subtotal: £50.01
Discount: £0.00
Delivery: £0.00
Total: £50.01

]]></system-out>
  </testcase>
  <testcase name="staffDiscountAppliedCorrectly" classname="com.example.craft.OrderProcessorTest" time="0.013">
    <system-out><![CDATA[Standard delivery selected
Taking card payment for £195.00
Saving order ORD-002
Saving order ORD-002 for customer Sam
Sending email to sam@test.com
Dear Sam, your order has been processed.
Order ORD-002 total was £195.00
Sending SMS to 07123456789
Order ORD-002 confirmed by SMS
Receipt
-------
Order: ORD-002
Customer: Sam
Subtotal: £250.00
Discount: £55.00
Delivery: £0.00
Total: £195.00

]]></system-out>
  </testcase>
  <testcase name="loyaltyCustomerGetsExpectedDiscount" classname="com.example.craft.OrderProcessorTest" time="0.011">
    <system-out><![CDATA[Standard delivery selected
Taking card payment for £84.50
Saving order ORD-008
Saving order ORD-008 for customer Lara
Sending email to lara@test.com
Dear Lara, your order has been processed.
Order ORD-008 total was £84.50
Sending SMS to 07123456789
Order ORD-008 confirmed by SMS
Receipt
-------
Order: ORD-008
Customer: Lara
Subtotal: £100.00
Discount: £15.50
Delivery: £0.00
Total: £84.50

]]></system-out>
  </testcase>
</testsuite>